[2025-10-06T22:28:14.428+0000] {processor.py:186} INFO - Started process (PID=166) to work on /opt/airflow/dags/airflow.py
[2025-10-06T22:28:14.429+0000] {processor.py:914} INFO - Processing file /opt/airflow/dags/airflow.py for tasks to queue
[2025-10-06T22:28:14.430+0000] {logging_mixin.py:190} INFO - [2025-10-06T22:28:14.430+0000] {dagbag.py:588} INFO - Filling up the DagBag from /opt/airflow/dags/airflow.py
[2025-10-06T22:28:14.433+0000] {logging_mixin.py:190} INFO - [2025-10-06T22:28:14.432+0000] {dagbag.py:387} ERROR - Failed to import: /opt/airflow/dags/airflow.py
Traceback (most recent call last):
  File "/home/airflow/.local/lib/python3.12/site-packages/airflow/models/dagbag.py", line 383, in parse
    loader.exec_module(new_module)
  File "<frozen importlib._bootstrap_external>", line 995, in exec_module
  File "<frozen importlib._bootstrap>", line 488, in _call_with_frames_removed
  File "/opt/airflow/dags/airflow.py", line 4, in <module>
    from airflow.providers.standard.operators.python import PythonOperator
ModuleNotFoundError: No module named 'airflow.providers.standard'
[2025-10-06T22:28:14.434+0000] {processor.py:927} WARNING - No viable dags retrieved from /opt/airflow/dags/airflow.py
[2025-10-06T22:28:14.441+0000] {processor.py:208} INFO - Processing /opt/airflow/dags/airflow.py took 0.016 seconds
[2025-10-06T22:28:44.723+0000] {processor.py:186} INFO - Started process (PID=171) to work on /opt/airflow/dags/airflow.py
[2025-10-06T22:28:44.723+0000] {processor.py:914} INFO - Processing file /opt/airflow/dags/airflow.py for tasks to queue
[2025-10-06T22:28:44.728+0000] {logging_mixin.py:190} INFO - [2025-10-06T22:28:44.727+0000] {dagbag.py:588} INFO - Filling up the DagBag from /opt/airflow/dags/airflow.py
[2025-10-06T22:28:44.732+0000] {logging_mixin.py:190} INFO - [2025-10-06T22:28:44.731+0000] {dagbag.py:387} ERROR - Failed to import: /opt/airflow/dags/airflow.py
Traceback (most recent call last):
  File "/home/airflow/.local/lib/python3.12/site-packages/airflow/models/dagbag.py", line 383, in parse
    loader.exec_module(new_module)
  File "<frozen importlib._bootstrap_external>", line 995, in exec_module
  File "<frozen importlib._bootstrap>", line 488, in _call_with_frames_removed
  File "/opt/airflow/dags/airflow.py", line 4, in <module>
    from airflow.providers.standard.operators.python import PythonOperator
ModuleNotFoundError: No module named 'airflow.providers.standard'
[2025-10-06T22:28:44.732+0000] {processor.py:927} WARNING - No viable dags retrieved from /opt/airflow/dags/airflow.py
[2025-10-06T22:28:44.744+0000] {processor.py:208} INFO - Processing /opt/airflow/dags/airflow.py took 0.025 seconds
[2025-10-06T22:29:15.060+0000] {processor.py:186} INFO - Started process (PID=176) to work on /opt/airflow/dags/airflow.py
[2025-10-06T22:29:15.061+0000] {processor.py:914} INFO - Processing file /opt/airflow/dags/airflow.py for tasks to queue
[2025-10-06T22:29:15.064+0000] {logging_mixin.py:190} INFO - [2025-10-06T22:29:15.063+0000] {dagbag.py:588} INFO - Filling up the DagBag from /opt/airflow/dags/airflow.py
[2025-10-06T22:29:15.070+0000] {logging_mixin.py:190} INFO - [2025-10-06T22:29:15.069+0000] {dagbag.py:387} ERROR - Failed to import: /opt/airflow/dags/airflow.py
Traceback (most recent call last):
  File "/home/airflow/.local/lib/python3.12/site-packages/airflow/models/dagbag.py", line 383, in parse
    loader.exec_module(new_module)
  File "<frozen importlib._bootstrap_external>", line 995, in exec_module
  File "<frozen importlib._bootstrap>", line 488, in _call_with_frames_removed
  File "/opt/airflow/dags/airflow.py", line 4, in <module>
    from airflow.providers.standard.operators.python import PythonOperator
ModuleNotFoundError: No module named 'airflow.providers.standard'
[2025-10-06T22:29:15.070+0000] {processor.py:927} WARNING - No viable dags retrieved from /opt/airflow/dags/airflow.py
[2025-10-06T22:29:15.085+0000] {processor.py:208} INFO - Processing /opt/airflow/dags/airflow.py took 0.031 seconds
[2025-10-06T22:29:45.365+0000] {processor.py:186} INFO - Started process (PID=181) to work on /opt/airflow/dags/airflow.py
[2025-10-06T22:29:45.366+0000] {processor.py:914} INFO - Processing file /opt/airflow/dags/airflow.py for tasks to queue
[2025-10-06T22:29:45.370+0000] {logging_mixin.py:190} INFO - [2025-10-06T22:29:45.369+0000] {dagbag.py:588} INFO - Filling up the DagBag from /opt/airflow/dags/airflow.py
[2025-10-06T22:29:45.374+0000] {logging_mixin.py:190} INFO - [2025-10-06T22:29:45.373+0000] {dagbag.py:387} ERROR - Failed to import: /opt/airflow/dags/airflow.py
Traceback (most recent call last):
  File "/home/airflow/.local/lib/python3.12/site-packages/airflow/models/dagbag.py", line 383, in parse
    loader.exec_module(new_module)
  File "<frozen importlib._bootstrap_external>", line 995, in exec_module
  File "<frozen importlib._bootstrap>", line 488, in _call_with_frames_removed
  File "/opt/airflow/dags/airflow.py", line 4, in <module>
    from airflow.providers.standard.operators.python import PythonOperator
ModuleNotFoundError: No module named 'airflow.providers.standard'
[2025-10-06T22:29:45.375+0000] {processor.py:927} WARNING - No viable dags retrieved from /opt/airflow/dags/airflow.py
[2025-10-06T22:29:45.390+0000] {processor.py:208} INFO - Processing /opt/airflow/dags/airflow.py took 0.033 seconds
[2025-10-06T22:30:15.695+0000] {processor.py:186} INFO - Started process (PID=186) to work on /opt/airflow/dags/airflow.py
[2025-10-06T22:30:15.696+0000] {processor.py:914} INFO - Processing file /opt/airflow/dags/airflow.py for tasks to queue
[2025-10-06T22:30:15.699+0000] {logging_mixin.py:190} INFO - [2025-10-06T22:30:15.699+0000] {dagbag.py:588} INFO - Filling up the DagBag from /opt/airflow/dags/airflow.py
[2025-10-06T22:30:15.702+0000] {logging_mixin.py:190} INFO - [2025-10-06T22:30:15.702+0000] {dagbag.py:387} ERROR - Failed to import: /opt/airflow/dags/airflow.py
Traceback (most recent call last):
  File "/home/airflow/.local/lib/python3.12/site-packages/airflow/models/dagbag.py", line 383, in parse
    loader.exec_module(new_module)
  File "<frozen importlib._bootstrap_external>", line 995, in exec_module
  File "<frozen importlib._bootstrap>", line 488, in _call_with_frames_removed
  File "/opt/airflow/dags/airflow.py", line 4, in <module>
    from airflow.providers.standard.operators.python import PythonOperator
ModuleNotFoundError: No module named 'airflow.providers.standard'
[2025-10-06T22:30:15.703+0000] {processor.py:927} WARNING - No viable dags retrieved from /opt/airflow/dags/airflow.py
[2025-10-06T22:30:15.713+0000] {processor.py:208} INFO - Processing /opt/airflow/dags/airflow.py took 0.022 seconds
[2025-10-06T22:30:46.012+0000] {processor.py:186} INFO - Started process (PID=191) to work on /opt/airflow/dags/airflow.py
[2025-10-06T22:30:46.013+0000] {processor.py:914} INFO - Processing file /opt/airflow/dags/airflow.py for tasks to queue
[2025-10-06T22:30:46.016+0000] {logging_mixin.py:190} INFO - [2025-10-06T22:30:46.015+0000] {dagbag.py:588} INFO - Filling up the DagBag from /opt/airflow/dags/airflow.py
[2025-10-06T22:30:46.022+0000] {logging_mixin.py:190} INFO - [2025-10-06T22:30:46.019+0000] {dagbag.py:387} ERROR - Failed to import: /opt/airflow/dags/airflow.py
Traceback (most recent call last):
  File "/home/airflow/.local/lib/python3.12/site-packages/airflow/models/dagbag.py", line 383, in parse
    loader.exec_module(new_module)
  File "<frozen importlib._bootstrap_external>", line 995, in exec_module
  File "<frozen importlib._bootstrap>", line 488, in _call_with_frames_removed
  File "/opt/airflow/dags/airflow.py", line 4, in <module>
    from airflow.providers.standard.operators.python import PythonOperator
ModuleNotFoundError: No module named 'airflow.providers.standard'
[2025-10-06T22:30:46.023+0000] {processor.py:927} WARNING - No viable dags retrieved from /opt/airflow/dags/airflow.py
[2025-10-06T22:30:46.048+0000] {processor.py:208} INFO - Processing /opt/airflow/dags/airflow.py took 0.042 seconds
[2025-10-06T22:31:16.343+0000] {processor.py:186} INFO - Started process (PID=196) to work on /opt/airflow/dags/airflow.py
[2025-10-06T22:31:16.344+0000] {processor.py:914} INFO - Processing file /opt/airflow/dags/airflow.py for tasks to queue
[2025-10-06T22:31:16.348+0000] {logging_mixin.py:190} INFO - [2025-10-06T22:31:16.347+0000] {dagbag.py:588} INFO - Filling up the DagBag from /opt/airflow/dags/airflow.py
[2025-10-06T22:31:16.352+0000] {logging_mixin.py:190} INFO - [2025-10-06T22:31:16.351+0000] {dagbag.py:387} ERROR - Failed to import: /opt/airflow/dags/airflow.py
Traceback (most recent call last):
  File "/home/airflow/.local/lib/python3.12/site-packages/airflow/models/dagbag.py", line 383, in parse
    loader.exec_module(new_module)
  File "<frozen importlib._bootstrap_external>", line 995, in exec_module
  File "<frozen importlib._bootstrap>", line 488, in _call_with_frames_removed
  File "/opt/airflow/dags/airflow.py", line 4, in <module>
    from airflow.providers.standard.operators.python import PythonOperator
ModuleNotFoundError: No module named 'airflow.providers.standard'
[2025-10-06T22:31:16.353+0000] {processor.py:927} WARNING - No viable dags retrieved from /opt/airflow/dags/airflow.py
[2025-10-06T22:31:16.376+0000] {processor.py:208} INFO - Processing /opt/airflow/dags/airflow.py took 0.041 seconds
[2025-10-06T22:31:46.662+0000] {processor.py:186} INFO - Started process (PID=201) to work on /opt/airflow/dags/airflow.py
[2025-10-06T22:31:46.663+0000] {processor.py:914} INFO - Processing file /opt/airflow/dags/airflow.py for tasks to queue
[2025-10-06T22:31:46.665+0000] {logging_mixin.py:190} INFO - [2025-10-06T22:31:46.665+0000] {dagbag.py:588} INFO - Filling up the DagBag from /opt/airflow/dags/airflow.py
[2025-10-06T22:31:46.668+0000] {logging_mixin.py:190} INFO - [2025-10-06T22:31:46.667+0000] {dagbag.py:387} ERROR - Failed to import: /opt/airflow/dags/airflow.py
Traceback (most recent call last):
  File "/home/airflow/.local/lib/python3.12/site-packages/airflow/models/dagbag.py", line 383, in parse
    loader.exec_module(new_module)
  File "<frozen importlib._bootstrap_external>", line 995, in exec_module
  File "<frozen importlib._bootstrap>", line 488, in _call_with_frames_removed
  File "/opt/airflow/dags/airflow.py", line 4, in <module>
    from airflow.providers.standard.operators.python import PythonOperator
ModuleNotFoundError: No module named 'airflow.providers.standard'
[2025-10-06T22:31:46.668+0000] {processor.py:927} WARNING - No viable dags retrieved from /opt/airflow/dags/airflow.py
[2025-10-06T22:31:46.680+0000] {processor.py:208} INFO - Processing /opt/airflow/dags/airflow.py took 0.025 seconds
[2025-10-06T22:32:16.998+0000] {processor.py:186} INFO - Started process (PID=206) to work on /opt/airflow/dags/airflow.py
[2025-10-06T22:32:16.999+0000] {processor.py:914} INFO - Processing file /opt/airflow/dags/airflow.py for tasks to queue
[2025-10-06T22:32:17.002+0000] {logging_mixin.py:190} INFO - [2025-10-06T22:32:17.002+0000] {dagbag.py:588} INFO - Filling up the DagBag from /opt/airflow/dags/airflow.py
[2025-10-06T22:32:17.007+0000] {logging_mixin.py:190} INFO - [2025-10-06T22:32:17.006+0000] {dagbag.py:387} ERROR - Failed to import: /opt/airflow/dags/airflow.py
Traceback (most recent call last):
  File "/home/airflow/.local/lib/python3.12/site-packages/airflow/models/dagbag.py", line 383, in parse
    loader.exec_module(new_module)
  File "<frozen importlib._bootstrap_external>", line 995, in exec_module
  File "<frozen importlib._bootstrap>", line 488, in _call_with_frames_removed
  File "/opt/airflow/dags/airflow.py", line 4, in <module>
    from airflow.providers.standard.operators.python import PythonOperator
ModuleNotFoundError: No module named 'airflow.providers.standard'
[2025-10-06T22:32:17.008+0000] {processor.py:927} WARNING - No viable dags retrieved from /opt/airflow/dags/airflow.py
[2025-10-06T22:32:17.025+0000] {processor.py:208} INFO - Processing /opt/airflow/dags/airflow.py took 0.033 seconds
[2025-10-06T22:32:47.354+0000] {processor.py:186} INFO - Started process (PID=211) to work on /opt/airflow/dags/airflow.py
[2025-10-06T22:32:47.355+0000] {processor.py:914} INFO - Processing file /opt/airflow/dags/airflow.py for tasks to queue
[2025-10-06T22:32:47.357+0000] {logging_mixin.py:190} INFO - [2025-10-06T22:32:47.357+0000] {dagbag.py:588} INFO - Filling up the DagBag from /opt/airflow/dags/airflow.py
[2025-10-06T22:32:47.364+0000] {logging_mixin.py:190} INFO - [2025-10-06T22:32:47.360+0000] {dagbag.py:387} ERROR - Failed to import: /opt/airflow/dags/airflow.py
Traceback (most recent call last):
  File "/home/airflow/.local/lib/python3.12/site-packages/airflow/models/dagbag.py", line 383, in parse
    loader.exec_module(new_module)
  File "<frozen importlib._bootstrap_external>", line 995, in exec_module
  File "<frozen importlib._bootstrap>", line 488, in _call_with_frames_removed
  File "/opt/airflow/dags/airflow.py", line 4, in <module>
    from airflow.providers.standard.operators.python import PythonOperator
ModuleNotFoundError: No module named 'airflow.providers.standard'
[2025-10-06T22:32:47.364+0000] {processor.py:927} WARNING - No viable dags retrieved from /opt/airflow/dags/airflow.py
[2025-10-06T22:32:47.385+0000] {processor.py:208} INFO - Processing /opt/airflow/dags/airflow.py took 0.044 seconds
