[2025-10-07T00:35:59.422+0000] {processor.py:186} INFO - Started process (PID=166) to work on /opt/airflow/dags/titanic_dag.py
[2025-10-07T00:35:59.423+0000] {processor.py:914} INFO - Processing file /opt/airflow/dags/titanic_dag.py for tasks to queue
[2025-10-07T00:35:59.425+0000] {logging_mixin.py:190} INFO - [2025-10-07T00:35:59.425+0000] {dagbag.py:588} INFO - Filling up the DagBag from /opt/airflow/dags/titanic_dag.py
[2025-10-07T00:35:59.520+0000] {logging_mixin.py:190} INFO - [2025-10-07T00:35:59.512+0000] {dagbag.py:387} ERROR - Failed to import: /opt/airflow/dags/titanic_dag.py
Traceback (most recent call last):
  File "/home/airflow/.local/lib/python3.12/site-packages/airflow/models/dagbag.py", line 383, in parse
    loader.exec_module(new_module)
  File "<frozen importlib._bootstrap_external>", line 995, in exec_module
  File "<frozen importlib._bootstrap>", line 488, in _call_with_frames_removed
  File "/opt/airflow/dags/titanic_dag.py", line 5, in <module>
    from src.titanic_utils import download_data, preprocess_data, train_model, evaluate_model
ImportError: cannot import name 'download_data' from 'src.titanic_utils' (/opt/airflow/dags/src/titanic_utils.py)
[2025-10-07T00:35:59.522+0000] {processor.py:927} WARNING - No viable dags retrieved from /opt/airflow/dags/titanic_dag.py
[2025-10-07T00:35:59.556+0000] {processor.py:208} INFO - Processing /opt/airflow/dags/titanic_dag.py took 0.140 seconds
[2025-10-07T00:36:13.426+0000] {processor.py:186} INFO - Started process (PID=166) to work on /opt/airflow/dags/titanic_dag.py
[2025-10-07T00:36:13.429+0000] {processor.py:914} INFO - Processing file /opt/airflow/dags/titanic_dag.py for tasks to queue
[2025-10-07T00:36:13.434+0000] {logging_mixin.py:190} INFO - [2025-10-07T00:36:13.433+0000] {dagbag.py:588} INFO - Filling up the DagBag from /opt/airflow/dags/titanic_dag.py
[2025-10-07T00:36:13.439+0000] {logging_mixin.py:190} INFO - [2025-10-07T00:36:13.438+0000] {dagbag.py:387} ERROR - Failed to import: /opt/airflow/dags/titanic_dag.py
Traceback (most recent call last):
  File "/home/airflow/.local/lib/python3.12/site-packages/airflow/models/dagbag.py", line 383, in parse
    loader.exec_module(new_module)
  File "<frozen importlib._bootstrap_external>", line 995, in exec_module
  File "<frozen importlib._bootstrap>", line 488, in _call_with_frames_removed
  File "/opt/airflow/dags/titanic_dag.py", line 5, in <module>
    from src.titanic_utils import download_data, preprocess_data, train_model, evaluate_model
ImportError: cannot import name 'download_data' from 'src.titanic_utils' (/opt/airflow/dags/src/titanic_utils.py)
[2025-10-07T00:36:13.439+0000] {processor.py:927} WARNING - No viable dags retrieved from /opt/airflow/dags/titanic_dag.py
[2025-10-07T00:36:13.457+0000] {processor.py:208} INFO - Processing /opt/airflow/dags/titanic_dag.py took 0.039 seconds
[2025-10-07T00:36:43.805+0000] {processor.py:186} INFO - Started process (PID=186) to work on /opt/airflow/dags/titanic_dag.py
[2025-10-07T00:36:43.806+0000] {processor.py:914} INFO - Processing file /opt/airflow/dags/titanic_dag.py for tasks to queue
[2025-10-07T00:36:43.810+0000] {logging_mixin.py:190} INFO - [2025-10-07T00:36:43.809+0000] {dagbag.py:588} INFO - Filling up the DagBag from /opt/airflow/dags/titanic_dag.py
[2025-10-07T00:36:43.815+0000] {logging_mixin.py:190} INFO - [2025-10-07T00:36:43.814+0000] {dagbag.py:387} ERROR - Failed to import: /opt/airflow/dags/titanic_dag.py
Traceback (most recent call last):
  File "/home/airflow/.local/lib/python3.12/site-packages/airflow/models/dagbag.py", line 383, in parse
    loader.exec_module(new_module)
  File "<frozen importlib._bootstrap_external>", line 995, in exec_module
  File "<frozen importlib._bootstrap>", line 488, in _call_with_frames_removed
  File "/opt/airflow/dags/titanic_dag.py", line 5, in <module>
    from src.titanic_utils import download_data, preprocess_data, train_model, evaluate_model
ImportError: cannot import name 'download_data' from 'src.titanic_utils' (/opt/airflow/dags/src/titanic_utils.py)
[2025-10-07T00:36:43.816+0000] {processor.py:927} WARNING - No viable dags retrieved from /opt/airflow/dags/titanic_dag.py
[2025-10-07T00:36:43.832+0000] {processor.py:208} INFO - Processing /opt/airflow/dags/titanic_dag.py took 0.034 seconds
[2025-10-07T00:37:14.197+0000] {processor.py:186} INFO - Started process (PID=206) to work on /opt/airflow/dags/titanic_dag.py
[2025-10-07T00:37:14.198+0000] {processor.py:914} INFO - Processing file /opt/airflow/dags/titanic_dag.py for tasks to queue
[2025-10-07T00:37:14.201+0000] {logging_mixin.py:190} INFO - [2025-10-07T00:37:14.200+0000] {dagbag.py:588} INFO - Filling up the DagBag from /opt/airflow/dags/titanic_dag.py
[2025-10-07T00:37:14.205+0000] {logging_mixin.py:190} INFO - [2025-10-07T00:37:14.204+0000] {dagbag.py:387} ERROR - Failed to import: /opt/airflow/dags/titanic_dag.py
Traceback (most recent call last):
  File "/home/airflow/.local/lib/python3.12/site-packages/airflow/models/dagbag.py", line 383, in parse
    loader.exec_module(new_module)
  File "<frozen importlib._bootstrap_external>", line 995, in exec_module
  File "<frozen importlib._bootstrap>", line 488, in _call_with_frames_removed
  File "/opt/airflow/dags/titanic_dag.py", line 5, in <module>
    from src.titanic_utils import download_data, preprocess_data, train_model, evaluate_model
ImportError: cannot import name 'download_data' from 'src.titanic_utils' (/opt/airflow/dags/src/titanic_utils.py)
[2025-10-07T00:37:14.206+0000] {processor.py:927} WARNING - No viable dags retrieved from /opt/airflow/dags/titanic_dag.py
[2025-10-07T00:37:14.224+0000] {processor.py:208} INFO - Processing /opt/airflow/dags/titanic_dag.py took 0.034 seconds
[2025-10-07T00:37:44.652+0000] {processor.py:186} INFO - Started process (PID=226) to work on /opt/airflow/dags/titanic_dag.py
[2025-10-07T00:37:44.653+0000] {processor.py:914} INFO - Processing file /opt/airflow/dags/titanic_dag.py for tasks to queue
[2025-10-07T00:37:44.658+0000] {logging_mixin.py:190} INFO - [2025-10-07T00:37:44.658+0000] {dagbag.py:588} INFO - Filling up the DagBag from /opt/airflow/dags/titanic_dag.py
[2025-10-07T00:37:44.666+0000] {logging_mixin.py:190} INFO - [2025-10-07T00:37:44.664+0000] {dagbag.py:387} ERROR - Failed to import: /opt/airflow/dags/titanic_dag.py
Traceback (most recent call last):
  File "/home/airflow/.local/lib/python3.12/site-packages/airflow/models/dagbag.py", line 383, in parse
    loader.exec_module(new_module)
  File "<frozen importlib._bootstrap_external>", line 995, in exec_module
  File "<frozen importlib._bootstrap>", line 488, in _call_with_frames_removed
  File "/opt/airflow/dags/titanic_dag.py", line 5, in <module>
    from src.titanic_utils import download_data, preprocess_data, train_model, evaluate_model
ModuleNotFoundError: No module named 'src.titanic_utils'
[2025-10-07T00:37:44.666+0000] {processor.py:927} WARNING - No viable dags retrieved from /opt/airflow/dags/titanic_dag.py
[2025-10-07T00:37:44.694+0000] {processor.py:208} INFO - Processing /opt/airflow/dags/titanic_dag.py took 0.066 seconds
[2025-10-07T00:38:05.943+0000] {processor.py:186} INFO - Started process (PID=246) to work on /opt/airflow/dags/titanic_dag.py
[2025-10-07T00:38:05.944+0000] {processor.py:914} INFO - Processing file /opt/airflow/dags/titanic_dag.py for tasks to queue
[2025-10-07T00:38:05.947+0000] {logging_mixin.py:190} INFO - [2025-10-07T00:38:05.947+0000] {dagbag.py:588} INFO - Filling up the DagBag from /opt/airflow/dags/titanic_dag.py
[2025-10-07T00:38:05.954+0000] {logging_mixin.py:190} INFO - [2025-10-07T00:38:05.953+0000] {dagbag.py:387} ERROR - Failed to import: /opt/airflow/dags/titanic_dag.py
Traceback (most recent call last):
  File "/home/airflow/.local/lib/python3.12/site-packages/airflow/models/dagbag.py", line 383, in parse
    loader.exec_module(new_module)
  File "<frozen importlib._bootstrap_external>", line 995, in exec_module
  File "<frozen importlib._bootstrap>", line 488, in _call_with_frames_removed
  File "/opt/airflow/dags/titanic_dag.py", line 8, in <module>
    from titanic_utils import download_data, preprocess_data, train_model, evaluate_model
ImportError: cannot import name 'download_data' from 'titanic_utils' (/opt/airflow/dags/titanic_utils.py)
[2025-10-07T00:38:05.954+0000] {processor.py:927} WARNING - No viable dags retrieved from /opt/airflow/dags/titanic_dag.py
[2025-10-07T00:38:05.972+0000] {processor.py:208} INFO - Processing /opt/airflow/dags/titanic_dag.py took 0.036 seconds
[2025-10-07T00:38:36.296+0000] {processor.py:186} INFO - Started process (PID=266) to work on /opt/airflow/dags/titanic_dag.py
[2025-10-07T00:38:36.298+0000] {processor.py:914} INFO - Processing file /opt/airflow/dags/titanic_dag.py for tasks to queue
[2025-10-07T00:38:36.301+0000] {logging_mixin.py:190} INFO - [2025-10-07T00:38:36.301+0000] {dagbag.py:588} INFO - Filling up the DagBag from /opt/airflow/dags/titanic_dag.py
[2025-10-07T00:38:36.307+0000] {logging_mixin.py:190} INFO - [2025-10-07T00:38:36.305+0000] {dagbag.py:387} ERROR - Failed to import: /opt/airflow/dags/titanic_dag.py
Traceback (most recent call last):
  File "/home/airflow/.local/lib/python3.12/site-packages/airflow/models/dagbag.py", line 383, in parse
    loader.exec_module(new_module)
  File "<frozen importlib._bootstrap_external>", line 995, in exec_module
  File "<frozen importlib._bootstrap>", line 488, in _call_with_frames_removed
  File "/opt/airflow/dags/titanic_dag.py", line 8, in <module>
    from titanic_utils import download_data, preprocess_data, train_model, evaluate_model
ImportError: cannot import name 'download_data' from 'titanic_utils' (/opt/airflow/dags/titanic_utils.py)
[2025-10-07T00:38:36.307+0000] {processor.py:927} WARNING - No viable dags retrieved from /opt/airflow/dags/titanic_dag.py
[2025-10-07T00:38:36.323+0000] {processor.py:208} INFO - Processing /opt/airflow/dags/titanic_dag.py took 0.035 seconds
[2025-10-07T00:39:06.634+0000] {processor.py:186} INFO - Started process (PID=286) to work on /opt/airflow/dags/titanic_dag.py
[2025-10-07T00:39:06.636+0000] {processor.py:914} INFO - Processing file /opt/airflow/dags/titanic_dag.py for tasks to queue
[2025-10-07T00:39:06.638+0000] {logging_mixin.py:190} INFO - [2025-10-07T00:39:06.638+0000] {dagbag.py:588} INFO - Filling up the DagBag from /opt/airflow/dags/titanic_dag.py
[2025-10-07T00:39:06.643+0000] {logging_mixin.py:190} INFO - [2025-10-07T00:39:06.642+0000] {dagbag.py:387} ERROR - Failed to import: /opt/airflow/dags/titanic_dag.py
Traceback (most recent call last):
  File "/home/airflow/.local/lib/python3.12/site-packages/airflow/models/dagbag.py", line 383, in parse
    loader.exec_module(new_module)
  File "<frozen importlib._bootstrap_external>", line 995, in exec_module
  File "<frozen importlib._bootstrap>", line 488, in _call_with_frames_removed
  File "/opt/airflow/dags/titanic_dag.py", line 8, in <module>
    from titanic_utils import download_data, preprocess_data, train_model, evaluate_model
ImportError: cannot import name 'download_data' from 'titanic_utils' (/opt/airflow/dags/titanic_utils.py)
[2025-10-07T00:39:06.644+0000] {processor.py:927} WARNING - No viable dags retrieved from /opt/airflow/dags/titanic_dag.py
[2025-10-07T00:39:06.658+0000] {processor.py:208} INFO - Processing /opt/airflow/dags/titanic_dag.py took 0.030 seconds
[2025-10-07T00:39:40.671+0000] {processor.py:186} INFO - Started process (PID=166) to work on /opt/airflow/dags/titanic_dag.py
[2025-10-07T00:39:40.672+0000] {processor.py:914} INFO - Processing file /opt/airflow/dags/titanic_dag.py for tasks to queue
[2025-10-07T00:39:40.673+0000] {logging_mixin.py:190} INFO - [2025-10-07T00:39:40.673+0000] {dagbag.py:588} INFO - Filling up the DagBag from /opt/airflow/dags/titanic_dag.py
[2025-10-07T00:39:41.288+0000] {logging_mixin.py:190} INFO - [2025-10-07T00:39:41.285+0000] {dagbag.py:387} ERROR - Failed to import: /opt/airflow/dags/titanic_dag.py
Traceback (most recent call last):
  File "/home/airflow/.local/lib/python3.12/site-packages/airflow/models/dagbag.py", line 383, in parse
    loader.exec_module(new_module)
  File "<frozen importlib._bootstrap_external>", line 995, in exec_module
  File "<frozen importlib._bootstrap>", line 488, in _call_with_frames_removed
  File "/opt/airflow/dags/titanic_dag.py", line 10, in <module>
    from Labs.Airflow_Labs.Lab_1.dags.titanic_utils import download_data, preprocess_data, train_model, evaluate_model
ModuleNotFoundError: No module named 'Labs'
[2025-10-07T00:39:41.290+0000] {processor.py:927} WARNING - No viable dags retrieved from /opt/airflow/dags/titanic_dag.py
[2025-10-07T00:39:41.305+0000] {processor.py:208} INFO - Processing /opt/airflow/dags/titanic_dag.py took 0.637 seconds
[2025-10-07T00:40:11.677+0000] {processor.py:186} INFO - Started process (PID=196) to work on /opt/airflow/dags/titanic_dag.py
[2025-10-07T00:40:11.679+0000] {processor.py:914} INFO - Processing file /opt/airflow/dags/titanic_dag.py for tasks to queue
[2025-10-07T00:40:11.681+0000] {logging_mixin.py:190} INFO - [2025-10-07T00:40:11.681+0000] {dagbag.py:588} INFO - Filling up the DagBag from /opt/airflow/dags/titanic_dag.py
[2025-10-07T00:40:12.348+0000] {logging_mixin.py:190} INFO - [2025-10-07T00:40:12.346+0000] {dagbag.py:387} ERROR - Failed to import: /opt/airflow/dags/titanic_dag.py
Traceback (most recent call last):
  File "/home/airflow/.local/lib/python3.12/site-packages/airflow/models/dagbag.py", line 383, in parse
    loader.exec_module(new_module)
  File "<frozen importlib._bootstrap_external>", line 995, in exec_module
  File "<frozen importlib._bootstrap>", line 488, in _call_with_frames_removed
  File "/opt/airflow/dags/titanic_dag.py", line 10, in <module>
    from Labs.Airflow_Labs.Lab_1.dags.titanic_utils import download_data, preprocess_data, train_model, evaluate_model
ModuleNotFoundError: No module named 'Labs'
[2025-10-07T00:40:12.348+0000] {processor.py:927} WARNING - No viable dags retrieved from /opt/airflow/dags/titanic_dag.py
[2025-10-07T00:40:12.364+0000] {processor.py:208} INFO - Processing /opt/airflow/dags/titanic_dag.py took 0.692 seconds
[2025-10-07T00:40:42.684+0000] {processor.py:186} INFO - Started process (PID=226) to work on /opt/airflow/dags/titanic_dag.py
[2025-10-07T00:40:42.686+0000] {processor.py:914} INFO - Processing file /opt/airflow/dags/titanic_dag.py for tasks to queue
[2025-10-07T00:40:42.689+0000] {logging_mixin.py:190} INFO - [2025-10-07T00:40:42.689+0000] {dagbag.py:588} INFO - Filling up the DagBag from /opt/airflow/dags/titanic_dag.py
[2025-10-07T00:40:43.283+0000] {logging_mixin.py:190} INFO - [2025-10-07T00:40:43.280+0000] {dagbag.py:387} ERROR - Failed to import: /opt/airflow/dags/titanic_dag.py
Traceback (most recent call last):
  File "/home/airflow/.local/lib/python3.12/site-packages/airflow/models/dagbag.py", line 383, in parse
    loader.exec_module(new_module)
  File "<frozen importlib._bootstrap_external>", line 995, in exec_module
  File "<frozen importlib._bootstrap>", line 488, in _call_with_frames_removed
  File "/opt/airflow/dags/titanic_dag.py", line 10, in <module>
    from Labs.Airflow_Labs.Lab_1.dags.titanic_utils import download_data, preprocess_data, train_model, evaluate_model
ModuleNotFoundError: No module named 'Labs'
[2025-10-07T00:40:43.285+0000] {processor.py:927} WARNING - No viable dags retrieved from /opt/airflow/dags/titanic_dag.py
[2025-10-07T00:40:43.294+0000] {processor.py:208} INFO - Processing /opt/airflow/dags/titanic_dag.py took 0.618 seconds
[2025-10-07T00:40:51.424+0000] {processor.py:186} INFO - Started process (PID=256) to work on /opt/airflow/dags/titanic_dag.py
[2025-10-07T00:40:51.426+0000] {processor.py:914} INFO - Processing file /opt/airflow/dags/titanic_dag.py for tasks to queue
[2025-10-07T00:40:51.428+0000] {logging_mixin.py:190} INFO - [2025-10-07T00:40:51.428+0000] {dagbag.py:588} INFO - Filling up the DagBag from /opt/airflow/dags/titanic_dag.py
[2025-10-07T00:40:51.806+0000] {processor.py:925} INFO - DAG(s) 'Titanic_ML_DAG' retrieved from /opt/airflow/dags/titanic_dag.py
[2025-10-07T00:40:51.885+0000] {logging_mixin.py:190} INFO - [2025-10-07T00:40:51.884+0000] {override.py:1900} INFO - Created Permission View: can delete on DAG:Titanic_ML_DAG
[2025-10-07T00:40:51.887+0000] {logging_mixin.py:190} INFO - [2025-10-07T00:40:51.887+0000] {override.py:1900} INFO - Created Permission View: can read on DAG:Titanic_ML_DAG
[2025-10-07T00:40:51.889+0000] {logging_mixin.py:190} INFO - [2025-10-07T00:40:51.889+0000] {override.py:1900} INFO - Created Permission View: can edit on DAG:Titanic_ML_DAG
[2025-10-07T00:40:51.890+0000] {logging_mixin.py:190} INFO - [2025-10-07T00:40:51.890+0000] {override.py:1900} INFO - Created Permission View: can create on DAG Run:Titanic_ML_DAG
[2025-10-07T00:40:51.891+0000] {logging_mixin.py:190} INFO - [2025-10-07T00:40:51.891+0000] {override.py:1900} INFO - Created Permission View: can read on DAG Run:Titanic_ML_DAG
[2025-10-07T00:40:51.893+0000] {logging_mixin.py:190} INFO - [2025-10-07T00:40:51.893+0000] {override.py:1900} INFO - Created Permission View: can delete on DAG Run:Titanic_ML_DAG
[2025-10-07T00:40:51.894+0000] {logging_mixin.py:190} INFO - [2025-10-07T00:40:51.894+0000] {override.py:1900} INFO - Created Permission View: menu access on DAG Run:Titanic_ML_DAG
[2025-10-07T00:40:51.894+0000] {logging_mixin.py:190} INFO - [2025-10-07T00:40:51.894+0000] {dag.py:3239} INFO - Sync 1 DAGs
[2025-10-07T00:40:51.898+0000] {logging_mixin.py:190} INFO - [2025-10-07T00:40:51.898+0000] {dag.py:3262} INFO - Creating ORM DAG for Titanic_ML_DAG
[2025-10-07T00:40:51.898+0000] {logging_mixin.py:190} INFO - [2025-10-07T00:40:51.898+0000] {dag.py:4180} INFO - Setting next_dagrun for Titanic_ML_DAG to None, run_after=None
[2025-10-07T00:40:51.902+0000] {processor.py:208} INFO - Processing /opt/airflow/dags/titanic_dag.py took 0.484 seconds
[2025-10-07T00:41:04.610+0000] {processor.py:186} INFO - Started process (PID=166) to work on /opt/airflow/dags/titanic_dag.py
[2025-10-07T00:41:04.613+0000] {processor.py:914} INFO - Processing file /opt/airflow/dags/titanic_dag.py for tasks to queue
[2025-10-07T00:41:04.616+0000] {logging_mixin.py:190} INFO - [2025-10-07T00:41:04.616+0000] {dagbag.py:588} INFO - Filling up the DagBag from /opt/airflow/dags/titanic_dag.py
[2025-10-07T00:41:05.193+0000] {processor.py:925} INFO - DAG(s) 'Titanic_ML_DAG' retrieved from /opt/airflow/dags/titanic_dag.py
[2025-10-07T00:41:05.199+0000] {logging_mixin.py:190} INFO - [2025-10-07T00:41:05.199+0000] {dag.py:3239} INFO - Sync 1 DAGs
[2025-10-07T00:41:05.205+0000] {logging_mixin.py:190} INFO - [2025-10-07T00:41:05.205+0000] {dag.py:4180} INFO - Setting next_dagrun for Titanic_ML_DAG to None, run_after=None
[2025-10-07T00:41:05.211+0000] {processor.py:208} INFO - Processing /opt/airflow/dags/titanic_dag.py took 0.609 seconds
[2025-10-07T00:41:35.513+0000] {processor.py:186} INFO - Started process (PID=257) to work on /opt/airflow/dags/titanic_dag.py
[2025-10-07T00:41:35.514+0000] {processor.py:914} INFO - Processing file /opt/airflow/dags/titanic_dag.py for tasks to queue
[2025-10-07T00:41:35.517+0000] {logging_mixin.py:190} INFO - [2025-10-07T00:41:35.516+0000] {dagbag.py:588} INFO - Filling up the DagBag from /opt/airflow/dags/titanic_dag.py
[2025-10-07T00:41:36.043+0000] {processor.py:925} INFO - DAG(s) 'Titanic_ML_DAG' retrieved from /opt/airflow/dags/titanic_dag.py
[2025-10-07T00:41:36.056+0000] {logging_mixin.py:190} INFO - [2025-10-07T00:41:36.056+0000] {dag.py:3239} INFO - Sync 1 DAGs
[2025-10-07T00:41:36.062+0000] {logging_mixin.py:190} INFO - [2025-10-07T00:41:36.062+0000] {dag.py:4180} INFO - Setting next_dagrun for Titanic_ML_DAG to None, run_after=None
[2025-10-07T00:41:36.069+0000] {processor.py:208} INFO - Processing /opt/airflow/dags/titanic_dag.py took 0.562 seconds
[2025-10-07T00:42:06.411+0000] {processor.py:186} INFO - Started process (PID=287) to work on /opt/airflow/dags/titanic_dag.py
[2025-10-07T00:42:06.412+0000] {processor.py:914} INFO - Processing file /opt/airflow/dags/titanic_dag.py for tasks to queue
[2025-10-07T00:42:06.421+0000] {logging_mixin.py:190} INFO - [2025-10-07T00:42:06.421+0000] {dagbag.py:588} INFO - Filling up the DagBag from /opt/airflow/dags/titanic_dag.py
[2025-10-07T00:42:06.980+0000] {processor.py:925} INFO - DAG(s) 'Titanic_ML_DAG' retrieved from /opt/airflow/dags/titanic_dag.py
[2025-10-07T00:42:06.996+0000] {logging_mixin.py:190} INFO - [2025-10-07T00:42:06.996+0000] {dag.py:3239} INFO - Sync 1 DAGs
[2025-10-07T00:42:07.001+0000] {logging_mixin.py:190} INFO - [2025-10-07T00:42:07.001+0000] {dag.py:4180} INFO - Setting next_dagrun for Titanic_ML_DAG to None, run_after=None
[2025-10-07T00:42:07.007+0000] {processor.py:208} INFO - Processing /opt/airflow/dags/titanic_dag.py took 0.608 seconds
[2025-10-07T00:42:37.385+0000] {processor.py:186} INFO - Started process (PID=317) to work on /opt/airflow/dags/titanic_dag.py
[2025-10-07T00:42:37.387+0000] {processor.py:914} INFO - Processing file /opt/airflow/dags/titanic_dag.py for tasks to queue
[2025-10-07T00:42:37.394+0000] {logging_mixin.py:190} INFO - [2025-10-07T00:42:37.393+0000] {dagbag.py:588} INFO - Filling up the DagBag from /opt/airflow/dags/titanic_dag.py
[2025-10-07T00:42:38.023+0000] {processor.py:925} INFO - DAG(s) 'Titanic_ML_DAG' retrieved from /opt/airflow/dags/titanic_dag.py
[2025-10-07T00:42:38.035+0000] {logging_mixin.py:190} INFO - [2025-10-07T00:42:38.035+0000] {dag.py:3239} INFO - Sync 1 DAGs
[2025-10-07T00:42:38.040+0000] {logging_mixin.py:190} INFO - [2025-10-07T00:42:38.040+0000] {dag.py:4180} INFO - Setting next_dagrun for Titanic_ML_DAG to None, run_after=None
[2025-10-07T00:42:38.045+0000] {processor.py:208} INFO - Processing /opt/airflow/dags/titanic_dag.py took 0.671 seconds
[2025-10-07T00:43:08.452+0000] {processor.py:186} INFO - Started process (PID=347) to work on /opt/airflow/dags/titanic_dag.py
[2025-10-07T00:43:08.456+0000] {processor.py:914} INFO - Processing file /opt/airflow/dags/titanic_dag.py for tasks to queue
[2025-10-07T00:43:08.459+0000] {logging_mixin.py:190} INFO - [2025-10-07T00:43:08.458+0000] {dagbag.py:588} INFO - Filling up the DagBag from /opt/airflow/dags/titanic_dag.py
[2025-10-07T00:43:09.024+0000] {processor.py:925} INFO - DAG(s) 'Titanic_ML_DAG' retrieved from /opt/airflow/dags/titanic_dag.py
[2025-10-07T00:43:09.037+0000] {logging_mixin.py:190} INFO - [2025-10-07T00:43:09.036+0000] {dag.py:3239} INFO - Sync 1 DAGs
[2025-10-07T00:43:09.042+0000] {logging_mixin.py:190} INFO - [2025-10-07T00:43:09.042+0000] {dag.py:4180} INFO - Setting next_dagrun for Titanic_ML_DAG to None, run_after=None
[2025-10-07T00:43:09.050+0000] {processor.py:208} INFO - Processing /opt/airflow/dags/titanic_dag.py took 0.607 seconds
[2025-10-07T00:43:39.428+0000] {processor.py:186} INFO - Started process (PID=377) to work on /opt/airflow/dags/titanic_dag.py
[2025-10-07T00:43:39.429+0000] {processor.py:914} INFO - Processing file /opt/airflow/dags/titanic_dag.py for tasks to queue
[2025-10-07T00:43:39.435+0000] {logging_mixin.py:190} INFO - [2025-10-07T00:43:39.435+0000] {dagbag.py:588} INFO - Filling up the DagBag from /opt/airflow/dags/titanic_dag.py
[2025-10-07T00:43:39.919+0000] {processor.py:925} INFO - DAG(s) 'Titanic_ML_DAG' retrieved from /opt/airflow/dags/titanic_dag.py
[2025-10-07T00:43:39.930+0000] {logging_mixin.py:190} INFO - [2025-10-07T00:43:39.930+0000] {dag.py:3239} INFO - Sync 1 DAGs
[2025-10-07T00:43:39.936+0000] {logging_mixin.py:190} INFO - [2025-10-07T00:43:39.936+0000] {dag.py:4180} INFO - Setting next_dagrun for Titanic_ML_DAG to None, run_after=None
[2025-10-07T00:43:39.943+0000] {processor.py:208} INFO - Processing /opt/airflow/dags/titanic_dag.py took 0.524 seconds
[2025-10-07T00:44:10.280+0000] {processor.py:186} INFO - Started process (PID=407) to work on /opt/airflow/dags/titanic_dag.py
[2025-10-07T00:44:10.283+0000] {processor.py:914} INFO - Processing file /opt/airflow/dags/titanic_dag.py for tasks to queue
[2025-10-07T00:44:10.285+0000] {logging_mixin.py:190} INFO - [2025-10-07T00:44:10.284+0000] {dagbag.py:588} INFO - Filling up the DagBag from /opt/airflow/dags/titanic_dag.py
[2025-10-07T00:44:10.884+0000] {processor.py:925} INFO - DAG(s) 'Titanic_ML_DAG' retrieved from /opt/airflow/dags/titanic_dag.py
[2025-10-07T00:44:10.896+0000] {logging_mixin.py:190} INFO - [2025-10-07T00:44:10.896+0000] {dag.py:3239} INFO - Sync 1 DAGs
[2025-10-07T00:44:10.901+0000] {logging_mixin.py:190} INFO - [2025-10-07T00:44:10.901+0000] {dag.py:4180} INFO - Setting next_dagrun for Titanic_ML_DAG to None, run_after=None
[2025-10-07T00:44:10.908+0000] {processor.py:208} INFO - Processing /opt/airflow/dags/titanic_dag.py took 0.637 seconds
[2025-10-07T00:44:41.287+0000] {processor.py:186} INFO - Started process (PID=437) to work on /opt/airflow/dags/titanic_dag.py
[2025-10-07T00:44:41.289+0000] {processor.py:914} INFO - Processing file /opt/airflow/dags/titanic_dag.py for tasks to queue
[2025-10-07T00:44:41.294+0000] {logging_mixin.py:190} INFO - [2025-10-07T00:44:41.293+0000] {dagbag.py:588} INFO - Filling up the DagBag from /opt/airflow/dags/titanic_dag.py
[2025-10-07T00:44:41.878+0000] {processor.py:925} INFO - DAG(s) 'Titanic_ML_DAG' retrieved from /opt/airflow/dags/titanic_dag.py
[2025-10-07T00:44:41.889+0000] {logging_mixin.py:190} INFO - [2025-10-07T00:44:41.888+0000] {dag.py:3239} INFO - Sync 1 DAGs
[2025-10-07T00:44:41.893+0000] {logging_mixin.py:190} INFO - [2025-10-07T00:44:41.893+0000] {dag.py:4180} INFO - Setting next_dagrun for Titanic_ML_DAG to None, run_after=None
[2025-10-07T00:44:41.899+0000] {processor.py:208} INFO - Processing /opt/airflow/dags/titanic_dag.py took 0.625 seconds
[2025-10-07T00:45:12.247+0000] {processor.py:186} INFO - Started process (PID=467) to work on /opt/airflow/dags/titanic_dag.py
[2025-10-07T00:45:12.249+0000] {processor.py:914} INFO - Processing file /opt/airflow/dags/titanic_dag.py for tasks to queue
[2025-10-07T00:45:12.253+0000] {logging_mixin.py:190} INFO - [2025-10-07T00:45:12.253+0000] {dagbag.py:588} INFO - Filling up the DagBag from /opt/airflow/dags/titanic_dag.py
[2025-10-07T00:45:12.877+0000] {processor.py:925} INFO - DAG(s) 'Titanic_ML_DAG' retrieved from /opt/airflow/dags/titanic_dag.py
[2025-10-07T00:45:12.947+0000] {logging_mixin.py:190} INFO - [2025-10-07T00:45:12.947+0000] {dag.py:3239} INFO - Sync 1 DAGs
[2025-10-07T00:45:12.952+0000] {logging_mixin.py:190} INFO - [2025-10-07T00:45:12.952+0000] {dag.py:4180} INFO - Setting next_dagrun for Titanic_ML_DAG to None, run_after=None
[2025-10-07T00:45:12.960+0000] {processor.py:208} INFO - Processing /opt/airflow/dags/titanic_dag.py took 0.732 seconds
[2025-10-07T00:45:43.344+0000] {processor.py:186} INFO - Started process (PID=497) to work on /opt/airflow/dags/titanic_dag.py
[2025-10-07T00:45:43.348+0000] {processor.py:914} INFO - Processing file /opt/airflow/dags/titanic_dag.py for tasks to queue
[2025-10-07T00:45:43.356+0000] {logging_mixin.py:190} INFO - [2025-10-07T00:45:43.354+0000] {dagbag.py:588} INFO - Filling up the DagBag from /opt/airflow/dags/titanic_dag.py
[2025-10-07T00:45:44.059+0000] {processor.py:925} INFO - DAG(s) 'Titanic_ML_DAG' retrieved from /opt/airflow/dags/titanic_dag.py
[2025-10-07T00:45:44.074+0000] {logging_mixin.py:190} INFO - [2025-10-07T00:45:44.074+0000] {dag.py:3239} INFO - Sync 1 DAGs
[2025-10-07T00:45:44.079+0000] {logging_mixin.py:190} INFO - [2025-10-07T00:45:44.078+0000] {dag.py:4180} INFO - Setting next_dagrun for Titanic_ML_DAG to None, run_after=None
[2025-10-07T00:45:44.085+0000] {processor.py:208} INFO - Processing /opt/airflow/dags/titanic_dag.py took 0.753 seconds
[2025-10-07T00:46:14.480+0000] {processor.py:186} INFO - Started process (PID=527) to work on /opt/airflow/dags/titanic_dag.py
[2025-10-07T00:46:14.481+0000] {processor.py:914} INFO - Processing file /opt/airflow/dags/titanic_dag.py for tasks to queue
[2025-10-07T00:46:14.484+0000] {logging_mixin.py:190} INFO - [2025-10-07T00:46:14.484+0000] {dagbag.py:588} INFO - Filling up the DagBag from /opt/airflow/dags/titanic_dag.py
[2025-10-07T00:46:15.186+0000] {processor.py:925} INFO - DAG(s) 'Titanic_ML_DAG' retrieved from /opt/airflow/dags/titanic_dag.py
[2025-10-07T00:46:15.198+0000] {logging_mixin.py:190} INFO - [2025-10-07T00:46:15.198+0000] {dag.py:3239} INFO - Sync 1 DAGs
[2025-10-07T00:46:15.205+0000] {logging_mixin.py:190} INFO - [2025-10-07T00:46:15.205+0000] {dag.py:4180} INFO - Setting next_dagrun for Titanic_ML_DAG to None, run_after=None
[2025-10-07T00:46:15.215+0000] {processor.py:208} INFO - Processing /opt/airflow/dags/titanic_dag.py took 0.742 seconds
[2025-10-07T00:46:45.534+0000] {processor.py:186} INFO - Started process (PID=557) to work on /opt/airflow/dags/titanic_dag.py
[2025-10-07T00:46:45.537+0000] {processor.py:914} INFO - Processing file /opt/airflow/dags/titanic_dag.py for tasks to queue
[2025-10-07T00:46:45.541+0000] {logging_mixin.py:190} INFO - [2025-10-07T00:46:45.540+0000] {dagbag.py:588} INFO - Filling up the DagBag from /opt/airflow/dags/titanic_dag.py
[2025-10-07T00:46:46.098+0000] {processor.py:925} INFO - DAG(s) 'Titanic_ML_DAG' retrieved from /opt/airflow/dags/titanic_dag.py
[2025-10-07T00:46:46.110+0000] {logging_mixin.py:190} INFO - [2025-10-07T00:46:46.109+0000] {dag.py:3239} INFO - Sync 1 DAGs
[2025-10-07T00:46:46.173+0000] {logging_mixin.py:190} INFO - [2025-10-07T00:46:46.172+0000] {dag.py:4180} INFO - Setting next_dagrun for Titanic_ML_DAG to None, run_after=None
[2025-10-07T00:46:46.183+0000] {processor.py:208} INFO - Processing /opt/airflow/dags/titanic_dag.py took 0.657 seconds
[2025-10-07T00:47:16.543+0000] {processor.py:186} INFO - Started process (PID=587) to work on /opt/airflow/dags/titanic_dag.py
[2025-10-07T00:47:16.544+0000] {processor.py:914} INFO - Processing file /opt/airflow/dags/titanic_dag.py for tasks to queue
[2025-10-07T00:47:16.549+0000] {logging_mixin.py:190} INFO - [2025-10-07T00:47:16.549+0000] {dagbag.py:588} INFO - Filling up the DagBag from /opt/airflow/dags/titanic_dag.py
[2025-10-07T00:47:17.146+0000] {processor.py:925} INFO - DAG(s) 'Titanic_ML_DAG' retrieved from /opt/airflow/dags/titanic_dag.py
[2025-10-07T00:47:17.159+0000] {logging_mixin.py:190} INFO - [2025-10-07T00:47:17.159+0000] {dag.py:3239} INFO - Sync 1 DAGs
[2025-10-07T00:47:17.231+0000] {logging_mixin.py:190} INFO - [2025-10-07T00:47:17.231+0000] {dag.py:4180} INFO - Setting next_dagrun for Titanic_ML_DAG to None, run_after=None
[2025-10-07T00:47:17.237+0000] {processor.py:208} INFO - Processing /opt/airflow/dags/titanic_dag.py took 0.704 seconds
[2025-10-07T00:47:47.622+0000] {processor.py:186} INFO - Started process (PID=617) to work on /opt/airflow/dags/titanic_dag.py
[2025-10-07T00:47:47.624+0000] {processor.py:914} INFO - Processing file /opt/airflow/dags/titanic_dag.py for tasks to queue
[2025-10-07T00:47:47.628+0000] {logging_mixin.py:190} INFO - [2025-10-07T00:47:47.627+0000] {dagbag.py:588} INFO - Filling up the DagBag from /opt/airflow/dags/titanic_dag.py
[2025-10-07T00:47:48.280+0000] {processor.py:925} INFO - DAG(s) 'Titanic_ML_DAG' retrieved from /opt/airflow/dags/titanic_dag.py
[2025-10-07T00:47:48.292+0000] {logging_mixin.py:190} INFO - [2025-10-07T00:47:48.292+0000] {dag.py:3239} INFO - Sync 1 DAGs
[2025-10-07T00:47:48.298+0000] {logging_mixin.py:190} INFO - [2025-10-07T00:47:48.298+0000] {dag.py:4180} INFO - Setting next_dagrun for Titanic_ML_DAG to None, run_after=None
[2025-10-07T00:47:48.304+0000] {processor.py:208} INFO - Processing /opt/airflow/dags/titanic_dag.py took 0.691 seconds
[2025-10-07T00:48:18.707+0000] {processor.py:186} INFO - Started process (PID=647) to work on /opt/airflow/dags/titanic_dag.py
[2025-10-07T00:48:18.710+0000] {processor.py:914} INFO - Processing file /opt/airflow/dags/titanic_dag.py for tasks to queue
[2025-10-07T00:48:18.712+0000] {logging_mixin.py:190} INFO - [2025-10-07T00:48:18.712+0000] {dagbag.py:588} INFO - Filling up the DagBag from /opt/airflow/dags/titanic_dag.py
[2025-10-07T00:48:19.454+0000] {processor.py:925} INFO - DAG(s) 'Titanic_ML_DAG' retrieved from /opt/airflow/dags/titanic_dag.py
[2025-10-07T00:48:19.474+0000] {logging_mixin.py:190} INFO - [2025-10-07T00:48:19.474+0000] {dag.py:3239} INFO - Sync 1 DAGs
[2025-10-07T00:48:19.480+0000] {logging_mixin.py:190} INFO - [2025-10-07T00:48:19.480+0000] {dag.py:4180} INFO - Setting next_dagrun for Titanic_ML_DAG to None, run_after=None
[2025-10-07T00:48:19.488+0000] {processor.py:208} INFO - Processing /opt/airflow/dags/titanic_dag.py took 0.788 seconds
[2025-10-07T00:48:49.882+0000] {processor.py:186} INFO - Started process (PID=677) to work on /opt/airflow/dags/titanic_dag.py
[2025-10-07T00:48:49.886+0000] {processor.py:914} INFO - Processing file /opt/airflow/dags/titanic_dag.py for tasks to queue
[2025-10-07T00:48:49.898+0000] {logging_mixin.py:190} INFO - [2025-10-07T00:48:49.898+0000] {dagbag.py:588} INFO - Filling up the DagBag from /opt/airflow/dags/titanic_dag.py
[2025-10-07T00:48:50.618+0000] {processor.py:925} INFO - DAG(s) 'Titanic_ML_DAG' retrieved from /opt/airflow/dags/titanic_dag.py
[2025-10-07T00:48:50.635+0000] {logging_mixin.py:190} INFO - [2025-10-07T00:48:50.635+0000] {dag.py:3239} INFO - Sync 1 DAGs
[2025-10-07T00:48:50.641+0000] {logging_mixin.py:190} INFO - [2025-10-07T00:48:50.641+0000] {dag.py:4180} INFO - Setting next_dagrun for Titanic_ML_DAG to None, run_after=None
[2025-10-07T00:48:50.649+0000] {processor.py:208} INFO - Processing /opt/airflow/dags/titanic_dag.py took 0.787 seconds
[2025-10-07T00:49:21.039+0000] {processor.py:186} INFO - Started process (PID=707) to work on /opt/airflow/dags/titanic_dag.py
[2025-10-07T00:49:21.040+0000] {processor.py:914} INFO - Processing file /opt/airflow/dags/titanic_dag.py for tasks to queue
[2025-10-07T00:49:21.043+0000] {logging_mixin.py:190} INFO - [2025-10-07T00:49:21.043+0000] {dagbag.py:588} INFO - Filling up the DagBag from /opt/airflow/dags/titanic_dag.py
[2025-10-07T00:49:21.756+0000] {processor.py:925} INFO - DAG(s) 'Titanic_ML_DAG' retrieved from /opt/airflow/dags/titanic_dag.py
[2025-10-07T00:49:21.768+0000] {logging_mixin.py:190} INFO - [2025-10-07T00:49:21.768+0000] {dag.py:3239} INFO - Sync 1 DAGs
[2025-10-07T00:49:21.773+0000] {logging_mixin.py:190} INFO - [2025-10-07T00:49:21.773+0000] {dag.py:4180} INFO - Setting next_dagrun for Titanic_ML_DAG to None, run_after=None
[2025-10-07T00:49:21.778+0000] {processor.py:208} INFO - Processing /opt/airflow/dags/titanic_dag.py took 0.747 seconds
[2025-10-07T00:49:52.145+0000] {processor.py:186} INFO - Started process (PID=737) to work on /opt/airflow/dags/titanic_dag.py
[2025-10-07T00:49:52.146+0000] {processor.py:914} INFO - Processing file /opt/airflow/dags/titanic_dag.py for tasks to queue
[2025-10-07T00:49:52.149+0000] {logging_mixin.py:190} INFO - [2025-10-07T00:49:52.149+0000] {dagbag.py:588} INFO - Filling up the DagBag from /opt/airflow/dags/titanic_dag.py
[2025-10-07T00:49:52.731+0000] {processor.py:925} INFO - DAG(s) 'Titanic_ML_DAG' retrieved from /opt/airflow/dags/titanic_dag.py
[2025-10-07T00:49:52.746+0000] {logging_mixin.py:190} INFO - [2025-10-07T00:49:52.746+0000] {dag.py:3239} INFO - Sync 1 DAGs
[2025-10-07T00:49:52.752+0000] {logging_mixin.py:190} INFO - [2025-10-07T00:49:52.752+0000] {dag.py:4180} INFO - Setting next_dagrun for Titanic_ML_DAG to None, run_after=None
[2025-10-07T00:49:52.759+0000] {processor.py:208} INFO - Processing /opt/airflow/dags/titanic_dag.py took 0.621 seconds
[2025-10-07T00:50:23.357+0000] {processor.py:186} INFO - Started process (PID=767) to work on /opt/airflow/dags/titanic_dag.py
[2025-10-07T00:50:23.363+0000] {processor.py:914} INFO - Processing file /opt/airflow/dags/titanic_dag.py for tasks to queue
[2025-10-07T00:50:23.369+0000] {logging_mixin.py:190} INFO - [2025-10-07T00:50:23.368+0000] {dagbag.py:588} INFO - Filling up the DagBag from /opt/airflow/dags/titanic_dag.py
[2025-10-07T00:50:23.979+0000] {processor.py:925} INFO - DAG(s) 'Titanic_ML_DAG' retrieved from /opt/airflow/dags/titanic_dag.py
[2025-10-07T00:50:23.991+0000] {logging_mixin.py:190} INFO - [2025-10-07T00:50:23.991+0000] {dag.py:3239} INFO - Sync 1 DAGs
[2025-10-07T00:50:23.997+0000] {logging_mixin.py:190} INFO - [2025-10-07T00:50:23.996+0000] {dag.py:4180} INFO - Setting next_dagrun for Titanic_ML_DAG to None, run_after=None
[2025-10-07T00:50:24.003+0000] {processor.py:208} INFO - Processing /opt/airflow/dags/titanic_dag.py took 0.657 seconds
[2025-10-07T00:50:54.322+0000] {processor.py:186} INFO - Started process (PID=797) to work on /opt/airflow/dags/titanic_dag.py
[2025-10-07T00:50:54.324+0000] {processor.py:914} INFO - Processing file /opt/airflow/dags/titanic_dag.py for tasks to queue
[2025-10-07T00:50:54.327+0000] {logging_mixin.py:190} INFO - [2025-10-07T00:50:54.326+0000] {dagbag.py:588} INFO - Filling up the DagBag from /opt/airflow/dags/titanic_dag.py
[2025-10-07T00:50:54.887+0000] {processor.py:925} INFO - DAG(s) 'Titanic_ML_DAG' retrieved from /opt/airflow/dags/titanic_dag.py
[2025-10-07T00:50:54.900+0000] {logging_mixin.py:190} INFO - [2025-10-07T00:50:54.900+0000] {dag.py:3239} INFO - Sync 1 DAGs
[2025-10-07T00:50:54.909+0000] {logging_mixin.py:190} INFO - [2025-10-07T00:50:54.909+0000] {dag.py:4180} INFO - Setting next_dagrun for Titanic_ML_DAG to None, run_after=None
[2025-10-07T00:50:54.918+0000] {processor.py:208} INFO - Processing /opt/airflow/dags/titanic_dag.py took 0.602 seconds
[2025-10-07T00:51:25.322+0000] {processor.py:186} INFO - Started process (PID=827) to work on /opt/airflow/dags/titanic_dag.py
[2025-10-07T00:51:25.324+0000] {processor.py:914} INFO - Processing file /opt/airflow/dags/titanic_dag.py for tasks to queue
[2025-10-07T00:51:25.326+0000] {logging_mixin.py:190} INFO - [2025-10-07T00:51:25.326+0000] {dagbag.py:588} INFO - Filling up the DagBag from /opt/airflow/dags/titanic_dag.py
[2025-10-07T00:51:25.912+0000] {processor.py:925} INFO - DAG(s) 'Titanic_ML_DAG' retrieved from /opt/airflow/dags/titanic_dag.py
[2025-10-07T00:51:25.924+0000] {logging_mixin.py:190} INFO - [2025-10-07T00:51:25.923+0000] {dag.py:3239} INFO - Sync 1 DAGs
[2025-10-07T00:51:25.929+0000] {logging_mixin.py:190} INFO - [2025-10-07T00:51:25.929+0000] {dag.py:4180} INFO - Setting next_dagrun for Titanic_ML_DAG to None, run_after=None
[2025-10-07T00:51:25.937+0000] {processor.py:208} INFO - Processing /opt/airflow/dags/titanic_dag.py took 0.623 seconds
[2025-10-07T00:51:56.328+0000] {processor.py:186} INFO - Started process (PID=857) to work on /opt/airflow/dags/titanic_dag.py
[2025-10-07T00:51:56.330+0000] {processor.py:914} INFO - Processing file /opt/airflow/dags/titanic_dag.py for tasks to queue
[2025-10-07T00:51:56.333+0000] {logging_mixin.py:190} INFO - [2025-10-07T00:51:56.333+0000] {dagbag.py:588} INFO - Filling up the DagBag from /opt/airflow/dags/titanic_dag.py
[2025-10-07T00:51:56.924+0000] {processor.py:925} INFO - DAG(s) 'Titanic_ML_DAG' retrieved from /opt/airflow/dags/titanic_dag.py
[2025-10-07T00:51:56.935+0000] {logging_mixin.py:190} INFO - [2025-10-07T00:51:56.934+0000] {dag.py:3239} INFO - Sync 1 DAGs
[2025-10-07T00:51:56.941+0000] {logging_mixin.py:190} INFO - [2025-10-07T00:51:56.941+0000] {dag.py:4180} INFO - Setting next_dagrun for Titanic_ML_DAG to None, run_after=None
[2025-10-07T00:51:56.946+0000] {processor.py:208} INFO - Processing /opt/airflow/dags/titanic_dag.py took 0.627 seconds
