[2025-10-06T23:12:40.056+0000] {local_task_job_runner.py:123} INFO - ::group::Pre task execution logs
[2025-10-06T23:12:40.063+0000] {taskinstance.py:2612} INFO - Dependencies all met for dep_context=non-requeueable deps ti=<TaskInstance: Airflow_Lab1.load_model_task scheduled__2025-10-05T00:00:00+00:00 [queued]>
[2025-10-06T23:12:40.066+0000] {taskinstance.py:2612} INFO - Dependencies all met for dep_context=requeueable deps ti=<TaskInstance: Airflow_Lab1.load_model_task scheduled__2025-10-05T00:00:00+00:00 [queued]>
[2025-10-06T23:12:40.066+0000] {taskinstance.py:2865} INFO - Starting attempt 1 of 1
[2025-10-06T23:12:40.070+0000] {taskinstance.py:2888} INFO - Executing <Task(PythonOperator): load_model_task> on 2025-10-05 00:00:00+00:00
[2025-10-06T23:12:40.076+0000] {logging_mixin.py:190} WARNING - /home/***/.local/lib/python3.12/site-packages/***/task/task_runner/standard_task_runner.py:70 DeprecationWarning: This process (pid=362) is multi-threaded, use of fork() may lead to deadlocks in the child.
[2025-10-06T23:12:40.075+0000] {standard_task_runner.py:104} INFO - Running: ['***', 'tasks', 'run', 'Airflow_Lab1', 'load_model_task', 'scheduled__2025-10-05T00:00:00+00:00', '--job-id', '18', '--raw', '--subdir', 'DAGS_FOLDER/lab1_dag.py', '--cfg-path', '/tmp/tmptswu_30x']
[2025-10-06T23:12:40.077+0000] {standard_task_runner.py:105} INFO - Job 18: Subtask load_model_task
[2025-10-06T23:12:40.076+0000] {standard_task_runner.py:72} INFO - Started process 373 to run task
[2025-10-06T23:12:40.097+0000] {task_command.py:467} INFO - Running <TaskInstance: Airflow_Lab1.load_model_task scheduled__2025-10-05T00:00:00+00:00 [running]> on host 0a7b10a0bd16
[2025-10-06T23:12:40.133+0000] {taskinstance.py:3131} INFO - Exporting env vars: AIRFLOW_CTX_DAG_OWNER='your_name' AIRFLOW_CTX_DAG_ID='Airflow_Lab1' AIRFLOW_CTX_TASK_ID='load_model_task' AIRFLOW_CTX_EXECUTION_DATE='2025-10-05T00:00:00+00:00' AIRFLOW_CTX_TRY_NUMBER='1' AIRFLOW_CTX_DAG_RUN_ID='scheduled__2025-10-05T00:00:00+00:00'
[2025-10-06T23:12:40.133+0000] {taskinstance.py:731} INFO - ::endgroup::
[2025-10-06T23:12:40.140+0000] {logging_mixin.py:190} INFO - Optimal no. of clusters: 8
[2025-10-06T23:12:40.144+0000] {logging_mixin.py:190} WARNING - /home/***/.local/lib/python3.12/site-packages/sklearn/utils/validation.py:2742 UserWarning: X has feature names, but KMeans was fitted without feature names
[2025-10-06T23:12:40.152+0000] {python.py:240} INFO - Done. Returned value was: 5
[2025-10-06T23:12:40.185+0000] {taskinstance.py:340} INFO - ::group::Post task execution logs
[2025-10-06T23:12:40.185+0000] {taskinstance.py:352} INFO - Marking task as SUCCESS. dag_id=Airflow_Lab1, task_id=load_model_task, run_id=scheduled__2025-10-05T00:00:00+00:00, execution_date=20251005T000000, start_date=20251006T231240, end_date=20251006T231240
[2025-10-06T23:12:40.219+0000] {local_task_job_runner.py:266} INFO - Task exited with return code 0
[2025-10-06T23:12:40.228+0000] {taskinstance.py:3900} INFO - 0 downstream tasks scheduled from follow-on schedule check
[2025-10-06T23:12:40.228+0000] {local_task_job_runner.py:245} INFO - ::endgroup::
